<?xml version="1.0" encoding="UTF-8"?>
<testng-results skipped="0" failed="1" total="11" passed="10">
  <reporter-output>
  </reporter-output>
  <suite name="All Tests" duration-ms="16378" started-at="2020-12-01T17:15:37Z" finished-at="2020-12-01T17:15:53Z">
    <groups>
    </groups>
    <test name="InValidCustomerDetails" duration-ms="16378" started-at="2020-12-01T17:15:37Z" finished-at="2020-12-01T17:15:53Z">
      <class name="test.java.CustomerRagistration.CustomerRagistration.TestCustomerForm">
        <test-method status="PASS" signature="SetUp()[pri:0, instance:test.java.CustomerRagistration.CustomerRagistration.TestCustomerForm@78c03f1f]" name="SetUp" is-config="true" duration-ms="8042" started-at="2020-12-01T11:15:37Z" finished-at="2020-12-01T11:15:45Z">
          <reporter-output>
          </reporter-output>
        </test-method> <!-- SetUp -->
        <test-method status="FAIL" signature="testInValidCustomerDetails(java.lang.String, java.lang.String, java.lang.String, java.lang.String, java.lang.String, java.lang.String, java.lang.String)[pri:0, instance:test.java.CustomerRagistration.CustomerRagistration.TestCustomerForm@78c03f1f]" name="testInValidCustomerDetails" duration-ms="1821" started-at="2020-12-01T11:15:46Z" data-provider="getDataFromSheet" finished-at="2020-12-01T11:15:48Z">
          <params>
            <param index="0">
              <value>
                <![CDATA[TestCase_1]]>
              </value>
            </param>
            <param index="1">
              <value>
                <![CDATA[]]>
              </value>
            </param>
            <param index="2">
              <value>
                <![CDATA[32]]>
              </value>
            </param>
            <param index="3">
              <value>
                <![CDATA[Chicago]]>
              </value>
            </param>
            <param index="4">
              <value>
                <![CDATA[3129753900]]>
              </value>
            </param>
            <param index="5">
              <value>
                <![CDATA[Pass]]>
              </value>
            </param>
            <param index="6">
              <value is-null="true"/>
            </param>
          </params>
          <exception class="java.lang.AssertionError">
            <message>
              <![CDATA[Test Case TestCase_1is being executed. expected [true] but found [false]]]>
            </message>
            <full-stacktrace>
              <![CDATA[java.lang.AssertionError: Test Case TestCase_1is being executed. expected [true] but found [false]
	at org.testng.Assert.fail(Assert.java:94)
	at org.testng.Assert.failNotEquals(Assert.java:494)
	at org.testng.Assert.assertTrue(Assert.java:42)
	at test.java.CustomerRagistration.CustomerRagistration.TestCustomerForm.testInValidCustomerDetails(TestCustomerForm.java:82)
	at sun.reflect.NativeMethodAccessorImpl.invoke0(Native Method)
	at sun.reflect.NativeMethodAccessorImpl.invoke(NativeMethodAccessorImpl.java:62)
	at sun.reflect.DelegatingMethodAccessorImpl.invoke(DelegatingMethodAccessorImpl.java:43)
	at java.lang.reflect.Method.invoke(Method.java:497)
	at org.testng.internal.MethodInvocationHelper.invokeMethod(MethodInvocationHelper.java:84)
	at org.testng.internal.Invoker.invokeMethod(Invoker.java:714)
	at org.testng.internal.Invoker.invokeTestMethod(Invoker.java:901)
	at org.testng.internal.Invoker.invokeTestMethods(Invoker.java:1231)
	at org.testng.internal.TestMethodWorker.invokeTestMethods(TestMethodWorker.java:127)
	at org.testng.internal.TestMethodWorker.run(TestMethodWorker.java:111)
	at org.testng.TestRunner.privateRun(TestRunner.java:767)
	at org.testng.TestRunner.run(TestRunner.java:617)
	at org.testng.SuiteRunner.runTest(SuiteRunner.java:334)
	at org.testng.SuiteRunner.access$000(SuiteRunner.java:37)
	at org.testng.SuiteRunner$SuiteWorker.run(SuiteRunner.java:368)
	at org.testng.internal.thread.ThreadUtil$2.call(ThreadUtil.java:64)
	at java.util.concurrent.FutureTask.run(FutureTask.java:266)
	at java.util.concurrent.ThreadPoolExecutor.runWorker(ThreadPoolExecutor.java:1142)
	at java.util.concurrent.ThreadPoolExecutor$Worker.run(ThreadPoolExecutor.java:617)
	at java.lang.Thread.run(Thread.java:745)
]]>
            </full-stacktrace>
          </exception> <!-- java.lang.AssertionError -->
          <reporter-output>
          </reporter-output>
        </test-method> <!-- testInValidCustomerDetails -->
        <test-method status="PASS" signature="testInValidCustomerDetails(java.lang.String, java.lang.String, java.lang.String, java.lang.String, java.lang.String, java.lang.String, java.lang.String)[pri:0, instance:test.java.CustomerRagistration.CustomerRagistration.TestCustomerForm@78c03f1f]" name="testInValidCustomerDetails" duration-ms="262" started-at="2020-12-01T11:15:48Z" data-provider="getDataFromSheet" finished-at="2020-12-01T11:15:48Z">
          <params>
            <param index="0">
              <value is-null="true"/>
            </param>
            <param index="1">
              <value is-null="true"/>
            </param>
            <param index="2">
              <value is-null="true"/>
            </param>
            <param index="3">
              <value is-null="true"/>
            </param>
            <param index="4">
              <value is-null="true"/>
            </param>
            <param index="5">
              <value is-null="true"/>
            </param>
            <param index="6">
              <value is-null="true"/>
            </param>
          </params>
          <reporter-output>
          </reporter-output>
        </test-method> <!-- testInValidCustomerDetails -->
        <test-method status="PASS" signature="testInValidCustomerDetails(java.lang.String, java.lang.String, java.lang.String, java.lang.String, java.lang.String, java.lang.String, java.lang.String)[pri:0, instance:test.java.CustomerRagistration.CustomerRagistration.TestCustomerForm@78c03f1f]" name="testInValidCustomerDetails" duration-ms="321" started-at="2020-12-01T11:15:48Z" data-provider="getDataFromSheet" finished-at="2020-12-01T11:15:48Z">
          <params>
            <param index="0">
              <value is-null="true"/>
            </param>
            <param index="1">
              <value is-null="true"/>
            </param>
            <param index="2">
              <value is-null="true"/>
            </param>
            <param index="3">
              <value is-null="true"/>
            </param>
            <param index="4">
              <value is-null="true"/>
            </param>
            <param index="5">
              <value is-null="true"/>
            </param>
            <param index="6">
              <value is-null="true"/>
            </param>
          </params>
          <reporter-output>
          </reporter-output>
        </test-method> <!-- testInValidCustomerDetails -->
        <test-method status="PASS" signature="testInValidCustomerDetails(java.lang.String, java.lang.String, java.lang.String, java.lang.String, java.lang.String, java.lang.String, java.lang.String)[pri:0, instance:test.java.CustomerRagistration.CustomerRagistration.TestCustomerForm@78c03f1f]" name="testInValidCustomerDetails" duration-ms="102" started-at="2020-12-01T11:15:48Z" data-provider="getDataFromSheet" finished-at="2020-12-01T11:15:48Z">
          <params>
            <param index="0">
              <value is-null="true"/>
            </param>
            <param index="1">
              <value is-null="true"/>
            </param>
            <param index="2">
              <value is-null="true"/>
            </param>
            <param index="3">
              <value is-null="true"/>
            </param>
            <param index="4">
              <value is-null="true"/>
            </param>
            <param index="5">
              <value is-null="true"/>
            </param>
            <param index="6">
              <value is-null="true"/>
            </param>
          </params>
          <reporter-output>
          </reporter-output>
        </test-method> <!-- testInValidCustomerDetails -->
        <test-method status="PASS" signature="testInValidCustomerDetails(java.lang.String, java.lang.String, java.lang.String, java.lang.String, java.lang.String, java.lang.String, java.lang.String)[pri:0, instance:test.java.CustomerRagistration.CustomerRagistration.TestCustomerForm@78c03f1f]" name="testInValidCustomerDetails" duration-ms="149" started-at="2020-12-01T11:15:48Z" data-provider="getDataFromSheet" finished-at="2020-12-01T11:15:48Z">
          <params>
            <param index="0">
              <value is-null="true"/>
            </param>
            <param index="1">
              <value is-null="true"/>
            </param>
            <param index="2">
              <value is-null="true"/>
            </param>
            <param index="3">
              <value is-null="true"/>
            </param>
            <param index="4">
              <value is-null="true"/>
            </param>
            <param index="5">
              <value is-null="true"/>
            </param>
            <param index="6">
              <value is-null="true"/>
            </param>
          </params>
          <reporter-output>
          </reporter-output>
        </test-method> <!-- testInValidCustomerDetails -->
        <test-method status="PASS" signature="testInValidCustomerDetails(java.lang.String, java.lang.String, java.lang.String, java.lang.String, java.lang.String, java.lang.String, java.lang.String)[pri:0, instance:test.java.CustomerRagistration.CustomerRagistration.TestCustomerForm@78c03f1f]" name="testInValidCustomerDetails" duration-ms="233" started-at="2020-12-01T11:15:48Z" data-provider="getDataFromSheet" finished-at="2020-12-01T11:15:49Z">
          <params>
            <param index="0">
              <value is-null="true"/>
            </param>
            <param index="1">
              <value is-null="true"/>
            </param>
            <param index="2">
              <value is-null="true"/>
            </param>
            <param index="3">
              <value is-null="true"/>
            </param>
            <param index="4">
              <value is-null="true"/>
            </param>
            <param index="5">
              <value is-null="true"/>
            </param>
            <param index="6">
              <value is-null="true"/>
            </param>
          </params>
          <reporter-output>
          </reporter-output>
        </test-method> <!-- testInValidCustomerDetails -->
        <test-method status="PASS" signature="testInValidCustomerDetails(java.lang.String, java.lang.String, java.lang.String, java.lang.String, java.lang.String, java.lang.String, java.lang.String)[pri:0, instance:test.java.CustomerRagistration.CustomerRagistration.TestCustomerForm@78c03f1f]" name="testInValidCustomerDetails" duration-ms="163" started-at="2020-12-01T11:15:49Z" data-provider="getDataFromSheet" finished-at="2020-12-01T11:15:49Z">
          <params>
            <param index="0">
              <value is-null="true"/>
            </param>
            <param index="1">
              <value is-null="true"/>
            </param>
            <param index="2">
              <value is-null="true"/>
            </param>
            <param index="3">
              <value is-null="true"/>
            </param>
            <param index="4">
              <value is-null="true"/>
            </param>
            <param index="5">
              <value is-null="true"/>
            </param>
            <param index="6">
              <value is-null="true"/>
            </param>
          </params>
          <reporter-output>
          </reporter-output>
        </test-method> <!-- testInValidCustomerDetails -->
        <test-method status="PASS" signature="testInValidCustomerDetails(java.lang.String, java.lang.String, java.lang.String, java.lang.String, java.lang.String, java.lang.String, java.lang.String)[pri:0, instance:test.java.CustomerRagistration.CustomerRagistration.TestCustomerForm@78c03f1f]" name="testInValidCustomerDetails" duration-ms="189" started-at="2020-12-01T11:15:49Z" data-provider="getDataFromSheet" finished-at="2020-12-01T11:15:49Z">
          <params>
            <param index="0">
              <value is-null="true"/>
            </param>
            <param index="1">
              <value is-null="true"/>
            </param>
            <param index="2">
              <value is-null="true"/>
            </param>
            <param index="3">
              <value is-null="true"/>
            </param>
            <param index="4">
              <value is-null="true"/>
            </param>
            <param index="5">
              <value is-null="true"/>
            </param>
            <param index="6">
              <value is-null="true"/>
            </param>
          </params>
          <reporter-output>
          </reporter-output>
        </test-method> <!-- testInValidCustomerDetails -->
        <test-method status="PASS" signature="testInValidCustomerDetails(java.lang.String, java.lang.String, java.lang.String, java.lang.String, java.lang.String, java.lang.String, java.lang.String)[pri:0, instance:test.java.CustomerRagistration.CustomerRagistration.TestCustomerForm@78c03f1f]" name="testInValidCustomerDetails" duration-ms="175" started-at="2020-12-01T11:15:49Z" data-provider="getDataFromSheet" finished-at="2020-12-01T11:15:49Z">
          <params>
            <param index="0">
              <value is-null="true"/>
            </param>
            <param index="1">
              <value is-null="true"/>
            </param>
            <param index="2">
              <value is-null="true"/>
            </param>
            <param index="3">
              <value is-null="true"/>
            </param>
            <param index="4">
              <value is-null="true"/>
            </param>
            <param index="5">
              <value is-null="true"/>
            </param>
            <param index="6">
              <value is-null="true"/>
            </param>
          </params>
          <reporter-output>
          </reporter-output>
        </test-method> <!-- testInValidCustomerDetails -->
        <test-method status="PASS" signature="testInValidCustomerDetails(java.lang.String, java.lang.String, java.lang.String, java.lang.String, java.lang.String, java.lang.String, java.lang.String)[pri:0, instance:test.java.CustomerRagistration.CustomerRagistration.TestCustomerForm@78c03f1f]" name="testInValidCustomerDetails" duration-ms="375" started-at="2020-12-01T11:15:49Z" data-provider="getDataFromSheet" finished-at="2020-12-01T11:15:50Z">
          <params>
            <param index="0">
              <value is-null="true"/>
            </param>
            <param index="1">
              <value is-null="true"/>
            </param>
            <param index="2">
              <value is-null="true"/>
            </param>
            <param index="3">
              <value is-null="true"/>
            </param>
            <param index="4">
              <value is-null="true"/>
            </param>
            <param index="5">
              <value is-null="true"/>
            </param>
            <param index="6">
              <value is-null="true"/>
            </param>
          </params>
          <reporter-output>
          </reporter-output>
        </test-method> <!-- testInValidCustomerDetails -->
        <test-method status="PASS" signature="testInValidCustomerDetails(java.lang.String, java.lang.String, java.lang.String, java.lang.String, java.lang.String, java.lang.String, java.lang.String)[pri:0, instance:test.java.CustomerRagistration.CustomerRagistration.TestCustomerForm@78c03f1f]" name="testInValidCustomerDetails" duration-ms="231" started-at="2020-12-01T11:15:50Z" data-provider="getDataFromSheet" finished-at="2020-12-01T11:15:50Z">
          <params>
            <param index="0">
              <value is-null="true"/>
            </param>
            <param index="1">
              <value is-null="true"/>
            </param>
            <param index="2">
              <value is-null="true"/>
            </param>
            <param index="3">
              <value is-null="true"/>
            </param>
            <param index="4">
              <value is-null="true"/>
            </param>
            <param index="5">
              <value is-null="true"/>
            </param>
            <param index="6">
              <value is-null="true"/>
            </param>
          </params>
          <reporter-output>
          </reporter-output>
        </test-method> <!-- testInValidCustomerDetails -->
        <test-method status="PASS" signature="closeBrowser()[pri:0, instance:test.java.CustomerRagistration.CustomerRagistration.TestCustomerForm@78c03f1f]" name="closeBrowser" is-config="true" duration-ms="3215" started-at="2020-12-01T11:15:50Z" finished-at="2020-12-01T11:15:53Z">
          <reporter-output>
          </reporter-output>
        </test-method> <!-- closeBrowser -->
      </class> <!-- test.java.CustomerRagistration.CustomerRagistration.TestCustomerForm -->
    </test> <!-- InValidCustomerDetails -->
  </suite> <!-- All Tests -->
</testng-results>
