<?xml version="1.0" encoding="UTF-8"?>
<!-- Generated by org.testng.reporters.JUnitXMLReporter -->
<testsuite hostname="Saurabhs-MacBook-Pro.local" ignored="0" name="InValidCustomerDetailsOnChrome" tests="2" failures="0" timestamp="06 Dec 2020 19:36:52 GMT" time="36.662" errors="0">
  <testcase name="testInValidCustomerDetails" time="5.861" classname="test.java.CustomerRagistration.CustomerRagistration.TestCustomerForm"/>
  <testcase name="testInValidCustomerDetails" time="6.216" classname="test.java.CustomerRagistration.CustomerRagistration.TestCustomerForm"/>
</testsuite> <!-- InValidCustomerDetailsOnChrome -->
